<?xml version="1.0" encoding="UTF-8"?>
<!-- Generated by org.testng.reporters.JUnitXMLReporter -->
<testsuite ignored="0" hostname="hp" failures="0" tests="4" name="Surefire test" time="56.765" errors="0" timestamp="2024-03-13T18:37:14 CET">
  <testcase classname="AddProductToCartTest" name="addProductToCart" time="1.99"/>
  <testcase classname="AddToWishListTest" name="addToWishList" time="3.709"/>
  <testcase classname="ClickOnShoppingCartLinkTest" name="clickOnShoppingCartLink" time="0.588"/>
  <testcase classname="SubscribeToNewsLetterTest" name="subscribe" time="0.692"/>
</testsuite> <!-- Surefire test -->
