<?xml version="1.0" encoding="UTF-8"?>
<testsuite xmlns:xsi="http://www.w3.org/2001/XMLSchema-instance" xsi:noNamespaceSchemaLocation="https://maven.apache.org/surefire/maven-surefire-plugin/xsd/surefire-test-report-3.0.xsd" version="3.0" name="TestSuite" time="57.692" tests="4" errors="0" skipped="0" failures="0">
  <properties>
[...]
</properties>
  <testcase name="addProductToCart" classname="AddProductToCartTest" time="1.995">
    <system-out><![CDATA[Browser is launched
]]></system-out>
    <system-err><![CDATA[Mar 13, 2024 6:36:20 PM org.openqa.selenium.devtools.CdpVersionFinder findNearestMatch
WARNING: Unable to find an exact match for CDP version 122, returning the closest version; found: 120; Please update to a Selenium version that supports CDP version 122
]]></system-err>
  </testcase>
  <testcase name="addToWishList" classname="AddToWishListTest" time="3.709">
    <system-out><![CDATA[Browser is launched
Login successful
Products page is displayed
User entered correct recipient name
User entered correct recipient email
User added a product to wish list button
]]></system-out>
    <system-err><![CDATA[Mar 13, 2024 6:36:35 PM org.openqa.selenium.devtools.CdpVersionFinder findNearestMatch
WARNING: Unable to find an exact match for CDP version 122, returning the closest version; found: 120; Please update to a Selenium version that supports CDP version 122
]]></system-err>
  </testcase>
  <testcase name="clickOnShoppingCartLink" classname="ClickOnShoppingCartLinkTest" time="0.593">
    <system-out><![CDATA[Browser is launched
Login successful
Shopping cart page is opened
]]></system-out>
    <system-err><![CDATA[Mar 13, 2024 6:36:51 PM org.openqa.selenium.devtools.CdpVersionFinder findNearestMatch
WARNING: Unable to find an exact match for CDP version 122, returning the closest version; found: 120; Please update to a Selenium version that supports CDP version 122
]]></system-err>
  </testcase>
  <testcase name="subscribe" classname="SubscribeToNewsLetterTest" time="0.692">
    <system-out><![CDATA[Browser is launched
Login successful
User entered correct email into email text field
Subscribed to newsletter
]]></system-out>
    <system-err><![CDATA[Mar 13, 2024 6:37:03 PM org.openqa.selenium.devtools.CdpVersionFinder findNearestMatch
WARNING: Unable to find an exact match for CDP version 122, returning the closest version; found: 120; Please update to a Selenium version that supports CDP version 122
]]></system-err>
  </testcase>
</testsuite>